<?xml version="1.0" encoding="UTF-8"?>
<!-- Generated by org.testng.reporters.JUnitReportReporter -->
<testsuite hostname="Sreeni" name="com.crm.Autodesk.AutodeskSample" tests="1" failures="0" timestamp="21 Apr 2021 16:07:22 GMT" time="0.035" errors="0">
  <testcase name="sampleTest" time="0.035" classname="com.crm.Autodesk.AutodeskSample"/>
</testsuite> <!-- com.crm.Autodesk.AutodeskSample -->
